2018-05-17 10:01:26,552 [main] INFO  io.github.tesla.ops.TeslaOpsApplication:48 - Starting TeslaOpsApplication on liu-shiming-MacBook-Pro.local with PID 8255 (/Users/liushiming/project/java/tesla/tesla-ops/target/classes started by liushiming in /Users/liushiming/project/java/tesla/tesla-ops)
2018-05-17 10:01:26,558 [main] INFO  io.github.tesla.ops.TeslaOpsApplication:597 - The following profiles are active: dev
2018-05-17 10:01:26,988 [main] INFO  o.s.b.c.e.AnnotationConfigEmbeddedWebApplicationContext:583 - Refreshing org.springframework.boot.context.embedded.AnnotationConfigEmbeddedWebApplicationContext@3300f4fd: startup date [Thu May 17 10:01:26 CST 2018]; root of context hierarchy
2018-05-17 10:01:27,005 [background-preinit] INFO  org.hibernate.validator.internal.util.Version:30 - HV000001: Hibernate Validator 5.3.5.Final
2018-05-17 10:01:28,284 [main] INFO  o.s.c.s.PostProcessorRegistrationDelegate$BeanPostProcessorChecker:325 - Bean 'authzConfig' of type [io.github.tesla.authz.AuthzConfig$$EnhancerBySpringCGLIB$$7a154cc] is not eligible for getting processed by all BeanPostProcessors (for example: not eligible for auto-proxying)
2018-05-17 10:01:28,382 [main] INFO  o.s.c.s.PostProcessorRegistrationDelegate$BeanPostProcessorChecker:325 - Bean 'teslaConfiguration' of type [io.github.tesla.ops.config.TeslaConfiguration$$EnhancerBySpringCGLIB$$56678163] is not eligible for getting processed by all BeanPostProcessors (for example: not eligible for auto-proxying)
2018-05-17 10:01:28,393 [main] INFO  o.s.c.s.PostProcessorRegistrationDelegate$BeanPostProcessorChecker:325 - Bean 'io.github.tesla.ops.config.TeslaConfiguration$EhCacheConfigure' of type [io.github.tesla.ops.config.TeslaConfiguration$EhCacheConfigure$$EnhancerBySpringCGLIB$$3d98f6c4] is not eligible for getting processed by all BeanPostProcessors (for example: not eligible for auto-proxying)
2018-05-17 10:01:28,408 [main] INFO  o.s.cache.ehcache.EhCacheManagerFactoryBean:130 - Initializing EhCache CacheManager
2018-05-17 10:01:28,535 [main] INFO  o.s.c.s.PostProcessorRegistrationDelegate$BeanPostProcessorChecker:325 - Bean 'ehCacheManagerFactoryBean' of type [org.springframework.cache.ehcache.EhCacheManagerFactoryBean] is not eligible for getting processed by all BeanPostProcessors (for example: not eligible for auto-proxying)
2018-05-17 10:01:28,545 [main] INFO  o.s.c.s.PostProcessorRegistrationDelegate$BeanPostProcessorChecker:325 - Bean 'ehCacheCacheManager' of type [org.springframework.cache.ehcache.EhCacheCacheManager] is not eligible for getting processed by all BeanPostProcessors (for example: not eligible for auto-proxying)
2018-05-17 10:01:28,553 [main] INFO  o.s.c.s.PostProcessorRegistrationDelegate$BeanPostProcessorChecker:325 - Bean 'shiroEhcacheManager' of type [org.apache.shiro.cache.ehcache.EhCacheManager] is not eligible for getting processed by all BeanPostProcessors (for example: not eligible for auto-proxying)
2018-05-17 10:01:28,578 [main] INFO  o.s.c.s.PostProcessorRegistrationDelegate$BeanPostProcessorChecker:325 - Bean 'io.github.tesla.ops.config.TeslaConfiguration$DruidDataSourceConfigure' of type [io.github.tesla.ops.config.TeslaConfiguration$DruidDataSourceConfigure$$EnhancerBySpringCGLIB$$5e63e55c] is not eligible for getting processed by all BeanPostProcessors (for example: not eligible for auto-proxying)
2018-05-17 10:01:29,082 [main] INFO  com.alibaba.druid.pool.DruidDataSource:785 - {dataSource-1} inited
2018-05-17 10:01:29,082 [main] INFO  o.s.c.s.PostProcessorRegistrationDelegate$BeanPostProcessorChecker:325 - Bean 'dataSource' of type [com.alibaba.druid.pool.DruidDataSource] is not eligible for getting processed by all BeanPostProcessors (for example: not eligible for auto-proxying)
2018-05-17 10:01:29,113 [main] INFO  o.s.c.s.PostProcessorRegistrationDelegate$BeanPostProcessorChecker:325 - Bean 'jdbcTemplate' of type [org.springframework.jdbc.core.JdbcTemplate] is not eligible for getting processed by all BeanPostProcessors (for example: not eligible for auto-proxying)
2018-05-17 10:01:29,118 [main] INFO  o.s.c.s.PostProcessorRegistrationDelegate$BeanPostProcessorChecker:325 - Bean 'authzUserDao' of type [io.github.tesla.authz.dao.AuthzUserDao] is not eligible for getting processed by all BeanPostProcessors (for example: not eligible for auto-proxying)
2018-05-17 10:01:29,128 [main] INFO  org.apache.shiro.cache.ehcache.EhCacheManager:159 - Cache with name 'io.github.tesla.authz.TeslaUserRealm.authorizationCache' does not yet exist.  Creating now.
2018-05-17 10:01:29,130 [main] INFO  org.apache.shiro.cache.ehcache.EhCacheManager:166 - Added EhCache named [io.github.tesla.authz.TeslaUserRealm.authorizationCache]
2018-05-17 10:01:29,155 [main] INFO  o.s.c.s.PostProcessorRegistrationDelegate$BeanPostProcessorChecker:325 - Bean 'userRealm' of type [io.github.tesla.authz.TeslaUserRealm] is not eligible for getting processed by all BeanPostProcessors (for example: not eligible for auto-proxying)
2018-05-17 10:01:29,414 [main] INFO  o.s.c.s.PostProcessorRegistrationDelegate$BeanPostProcessorChecker:325 - Bean 'sessionDAO' of type [org.apache.shiro.session.mgt.eis.MemorySessionDAO] is not eligible for getting processed by all BeanPostProcessors (for example: not eligible for auto-proxying)
2018-05-17 10:01:29,428 [main] INFO  o.s.c.s.PostProcessorRegistrationDelegate$BeanPostProcessorChecker:325 - Bean 'sessionManager' of type [org.apache.shiro.web.session.mgt.DefaultWebSessionManager] is not eligible for getting processed by all BeanPostProcessors (for example: not eligible for auto-proxying)
2018-05-17 10:01:29,443 [main] INFO  o.s.c.s.PostProcessorRegistrationDelegate$BeanPostProcessorChecker:325 - Bean 'securityManager' of type [org.apache.shiro.web.mgt.DefaultWebSecurityManager] is not eligible for getting processed by all BeanPostProcessors (for example: not eligible for auto-proxying)
2018-05-17 10:01:29,600 [main] INFO  o.s.c.s.PostProcessorRegistrationDelegate$BeanPostProcessorChecker:325 - Bean 'authorizationAttributeSourceAdvisor' of type [org.apache.shiro.spring.security.interceptor.AuthorizationAttributeSourceAdvisor] is not eligible for getting processed by all BeanPostProcessors (for example: not eligible for auto-proxying)
2018-05-17 10:01:29,653 [main] INFO  o.s.c.s.PostProcessorRegistrationDelegate$BeanPostProcessorChecker:325 - Bean 'org.springframework.transaction.annotation.ProxyTransactionManagementConfiguration' of type [org.springframework.transaction.annotation.ProxyTransactionManagementConfiguration$$EnhancerBySpringCGLIB$$b1598a89] is not eligible for getting processed by all BeanPostProcessors (for example: not eligible for auto-proxying)
2018-05-17 10:01:29,908 [main] INFO  o.s.c.s.PostProcessorRegistrationDelegate$BeanPostProcessorChecker:325 - Bean 'org.springframework.cache.annotation.ProxyCachingConfiguration' of type [org.springframework.cache.annotation.ProxyCachingConfiguration$$EnhancerBySpringCGLIB$$fa6bc0a7] is not eligible for getting processed by all BeanPostProcessors (for example: not eligible for auto-proxying)
2018-05-17 10:01:30,611 [main] INFO  o.s.b.c.e.tomcat.TomcatEmbeddedServletContainer:89 - Tomcat initialized with port(s): 8080 (http)
2018-05-17 10:01:30,626 [main] INFO  org.apache.catalina.core.StandardService:179 - Starting service [Tomcat]
2018-05-17 10:01:30,628 [main] INFO  org.apache.catalina.core.StandardEngine:179 - Starting Servlet Engine: Apache Tomcat/8.5.15
2018-05-17 10:01:30,755 [localhost-startStop-1] INFO  o.a.c.core.ContainerBase.[Tomcat].[localhost].[/]:179 - Initializing Spring embedded WebApplicationContext
2018-05-17 10:01:30,756 [localhost-startStop-1] INFO  org.springframework.web.context.ContextLoader:276 - Root WebApplicationContext: initialization completed in 3768 ms
2018-05-17 10:01:31,374 [localhost-startStop-1] INFO  o.s.boot.web.servlet.ServletRegistrationBean:190 - Mapping servlet: 'statViewServlet' to [/druid/*]
2018-05-17 10:01:31,377 [localhost-startStop-1] INFO  o.s.boot.web.servlet.ServletRegistrationBean:190 - Mapping servlet: 'dispatcherServlet' to [/]
2018-05-17 10:01:31,382 [localhost-startStop-1] INFO  o.s.boot.web.servlet.FilterRegistrationBean:258 - Mapping filter: 'characterEncodingFilter' to: [/*]
2018-05-17 10:01:31,383 [localhost-startStop-1] INFO  o.s.boot.web.servlet.FilterRegistrationBean:258 - Mapping filter: 'hiddenHttpMethodFilter' to: [/*]
2018-05-17 10:01:31,383 [localhost-startStop-1] INFO  o.s.boot.web.servlet.FilterRegistrationBean:258 - Mapping filter: 'httpPutFormContentFilter' to: [/*]
2018-05-17 10:01:31,383 [localhost-startStop-1] INFO  o.s.boot.web.servlet.FilterRegistrationBean:258 - Mapping filter: 'requestContextFilter' to: [/*]
2018-05-17 10:01:31,384 [localhost-startStop-1] INFO  o.s.boot.web.servlet.FilterRegistrationBean:271 - Mapping filter: 'webStatFilter' to urls: [/*]
2018-05-17 10:01:31,384 [localhost-startStop-1] INFO  o.s.boot.web.servlet.FilterRegistrationBean:258 - Mapping filter: 'shiroFilterFactoryBean' to: [/*]
2018-05-17 10:01:34,926 [main] INFO  o.s.w.s.m.m.a.RequestMappingHandlerAdapter:534 - Looking for @ControllerAdvice: org.springframework.boot.context.embedded.AnnotationConfigEmbeddedWebApplicationContext@3300f4fd: startup date [Thu May 17 10:01:26 CST 2018]; root of context hierarchy
2018-05-17 10:01:35,201 [main] INFO  o.s.w.s.m.m.a.RequestMappingHandlerMapping:543 - Mapped "{[/gateway/api/add],methods=[GET]}" onto public java.lang.String io.github.tesla.ops.api.controller.ApiController.add(org.springframework.ui.Model)
2018-05-17 10:01:35,203 [main] INFO  o.s.w.s.m.m.a.RequestMappingHandlerMapping:543 - Mapped "{[/gateway/api/update],methods=[POST]}" onto public io.github.tesla.ops.common.CommonResponse io.github.tesla.ops.api.controller.ApiController.update(io.github.tesla.ops.api.vo.ApiVo,org.springframework.web.multipart.MultipartFile)
2018-05-17 10:01:35,204 [main] INFO  o.s.w.s.m.m.a.RequestMappingHandlerMapping:543 - Mapped "{[/gateway/api/list],methods=[GET]}" onto public io.github.tesla.ops.system.domain.PageDO<io.github.tesla.ops.api.vo.ApiVo> io.github.tesla.ops.api.controller.ApiController.list(java.util.Map<java.lang.String, java.lang.Object>)
2018-05-17 10:01:35,205 [main] INFO  o.s.w.s.m.m.a.RequestMappingHandlerMapping:543 - Mapped "{[/gateway/api/remove],methods=[POST]}" onto public io.github.tesla.ops.common.CommonResponse io.github.tesla.ops.api.controller.ApiController.save(java.lang.Long)
2018-05-17 10:01:35,205 [main] INFO  o.s.w.s.m.m.a.RequestMappingHandlerMapping:543 - Mapped "{[/gateway/api/save],methods=[POST]}" onto public io.github.tesla.ops.common.CommonResponse io.github.tesla.ops.api.controller.ApiController.save(io.github.tesla.ops.api.vo.ApiVo,org.springframework.web.multipart.MultipartFile)
2018-05-17 10:01:35,206 [main] INFO  o.s.w.s.m.m.a.RequestMappingHandlerMapping:543 - Mapped "{[/gateway/api/batchRemove],methods=[POST]}" onto public io.github.tesla.ops.common.CommonResponse io.github.tesla.ops.api.controller.ApiController.batchRemove(java.lang.Long[])
2018-05-17 10:01:35,207 [main] INFO  o.s.w.s.m.m.a.RequestMappingHandlerMapping:543 - Mapped "{[/gateway/api],methods=[GET]}" onto public java.lang.String io.github.tesla.ops.api.controller.ApiController.api()
2018-05-17 10:01:35,208 [main] INFO  o.s.w.s.m.m.a.RequestMappingHandlerMapping:543 - Mapped "{[/gateway/api/edit/{id}],methods=[GET]}" onto public java.lang.String io.github.tesla.ops.api.controller.ApiController.edit(java.lang.Long,org.springframework.ui.Model)
2018-05-17 10:01:35,213 [main] INFO  o.s.w.s.m.m.a.RequestMappingHandlerMapping:543 - Mapped "{[/gateway/apigroup],methods=[GET]}" onto public java.lang.String io.github.tesla.ops.api.controller.ApiGroupController.group()
2018-05-17 10:01:35,215 [main] INFO  o.s.w.s.m.m.a.RequestMappingHandlerMapping:543 - Mapped "{[/gateway/apigroup/add],methods=[GET]}" onto public java.lang.String io.github.tesla.ops.api.controller.ApiGroupController.add()
2018-05-17 10:01:35,215 [main] INFO  o.s.w.s.m.m.a.RequestMappingHandlerMapping:543 - Mapped "{[/gateway/apigroup/remove],methods=[POST]}" onto public io.github.tesla.ops.common.CommonResponse io.github.tesla.ops.api.controller.ApiGroupController.remove(java.lang.Long)
2018-05-17 10:01:35,216 [main] INFO  o.s.w.s.m.m.a.RequestMappingHandlerMapping:543 - Mapped "{[/gateway/apigroup/batchRemove],methods=[POST]}" onto public io.github.tesla.ops.common.CommonResponse io.github.tesla.ops.api.controller.ApiGroupController.remove(java.lang.Long[])
2018-05-17 10:01:35,216 [main] INFO  o.s.w.s.m.m.a.RequestMappingHandlerMapping:543 - Mapped "{[/gateway/apigroup/update]}" onto public io.github.tesla.ops.common.CommonResponse io.github.tesla.ops.api.controller.ApiGroupController.update(io.github.tesla.ops.api.vo.ApiGroupVo)
2018-05-17 10:01:35,217 [main] INFO  o.s.w.s.m.m.a.RequestMappingHandlerMapping:543 - Mapped "{[/gateway/apigroup/list],methods=[GET]}" onto public io.github.tesla.ops.system.domain.PageDO<io.github.tesla.ops.api.vo.ApiGroupVo> io.github.tesla.ops.api.controller.ApiGroupController.list(java.util.Map<java.lang.String, java.lang.Object>)
2018-05-17 10:01:35,217 [main] INFO  o.s.w.s.m.m.a.RequestMappingHandlerMapping:543 - Mapped "{[/gateway/apigroup/save],methods=[POST]}" onto public io.github.tesla.ops.common.CommonResponse io.github.tesla.ops.api.controller.ApiGroupController.save(io.github.tesla.ops.api.vo.ApiGroupVo)
2018-05-17 10:01:35,218 [main] INFO  o.s.w.s.m.m.a.RequestMappingHandlerMapping:543 - Mapped "{[/gateway/apigroup/edit/{id}],methods=[GET]}" onto public java.lang.String io.github.tesla.ops.api.controller.ApiGroupController.edit(java.lang.Long,org.springframework.ui.Model)
2018-05-17 10:01:35,219 [main] INFO  o.s.w.s.m.m.a.RequestMappingHandlerMapping:543 - Mapped "{[/error]}" onto public java.lang.String io.github.tesla.ops.common.MainsiteErrorController.handleError()
2018-05-17 10:01:35,227 [main] INFO  o.s.w.s.m.m.a.RequestMappingHandlerMapping:543 - Mapped "{[/filter/bizrule/add],methods=[GET]}" onto public java.lang.String io.github.tesla.ops.filter.controller.BizRuleController.add()
2018-05-17 10:01:35,228 [main] INFO  o.s.w.s.m.m.a.RequestMappingHandlerMapping:543 - Mapped "{[/filter/bizrule/list],methods=[GET]}" onto public io.github.tesla.ops.system.domain.PageDO<io.github.tesla.ops.filter.vo.FilterRuleVo> io.github.tesla.ops.filter.controller.BizRuleController.list(java.util.Map<java.lang.String, java.lang.Object>)
2018-05-17 10:01:35,228 [main] INFO  o.s.w.s.m.m.a.RequestMappingHandlerMapping:543 - Mapped "{[/filter/bizrule/validate]}" onto public java.lang.Boolean io.github.tesla.ops.filter.controller.BizRuleController.validate(javax.servlet.http.HttpServletRequest,javax.servlet.http.HttpServletResponse) throws java.io.UnsupportedEncodingException
2018-05-17 10:01:35,229 [main] INFO  o.s.w.s.m.m.a.RequestMappingHandlerMapping:543 - Mapped "{[/filter/bizrule],methods=[GET]}" onto public java.lang.String io.github.tesla.ops.filter.controller.BizRuleController.rule()
2018-05-17 10:01:35,230 [main] INFO  o.s.w.s.m.m.a.RequestMappingHandlerMapping:543 - Mapped "{[/filter/bizrule/template/{template}],methods=[GET]}" onto public java.lang.String io.github.tesla.ops.filter.controller.BizRuleController.template(java.lang.String)
2018-05-17 10:01:35,230 [main] INFO  o.s.w.s.m.m.a.RequestMappingHandlerMapping:543 - Mapped "{[/filter/bizrule/edit/{id}],methods=[GET]}" onto public java.lang.String io.github.tesla.ops.filter.controller.BizRuleController.edit(java.lang.Long,org.springframework.ui.Model)
2018-05-17 10:01:35,231 [main] INFO  o.s.w.s.m.m.a.RequestMappingHandlerMapping:543 - Mapped "{[/filter/bizrule/remove],methods=[POST]}" onto public io.github.tesla.ops.common.CommonResponse io.github.tesla.ops.filter.controller.ShareRuleController.remove(java.lang.Long)
2018-05-17 10:01:35,232 [main] INFO  o.s.w.s.m.m.a.RequestMappingHandlerMapping:543 - Mapped "{[/filter/bizrule/batchRemove],methods=[POST]}" onto public io.github.tesla.ops.common.CommonResponse io.github.tesla.ops.filter.controller.ShareRuleController.remove(java.lang.Long[])
2018-05-17 10:01:35,232 [main] INFO  o.s.w.s.m.m.a.RequestMappingHandlerMapping:543 - Mapped "{[/filter/bizrule/update]}" onto public io.github.tesla.ops.common.CommonResponse io.github.tesla.ops.filter.controller.ShareRuleController.update(io.github.tesla.ops.filter.vo.FilterRuleVo)
2018-05-17 10:01:35,233 [main] INFO  o.s.w.s.m.m.a.RequestMappingHandlerMapping:543 - Mapped "{[/filter/bizrule/save],methods=[POST]}" onto public io.github.tesla.ops.common.CommonResponse io.github.tesla.ops.filter.controller.ShareRuleController.save(io.github.tesla.ops.filter.vo.FilterRuleVo)
2018-05-17 10:01:35,235 [main] INFO  o.s.w.s.m.m.a.RequestMappingHandlerMapping:543 - Mapped "{[/filter/sharerule/add],methods=[GET]}" onto public java.lang.String io.github.tesla.ops.filter.controller.ShareRuleController.add()
2018-05-17 10:01:35,237 [main] INFO  o.s.w.s.m.m.a.RequestMappingHandlerMapping:543 - Mapped "{[/filter/sharerule/remove],methods=[POST]}" onto public io.github.tesla.ops.common.CommonResponse io.github.tesla.ops.filter.controller.ShareRuleController.remove(java.lang.Long)
2018-05-17 10:01:35,238 [main] INFO  o.s.w.s.m.m.a.RequestMappingHandlerMapping:543 - Mapped "{[/filter/sharerule/batchRemove],methods=[POST]}" onto public io.github.tesla.ops.common.CommonResponse io.github.tesla.ops.filter.controller.ShareRuleController.remove(java.lang.Long[])
2018-05-17 10:01:35,238 [main] INFO  o.s.w.s.m.m.a.RequestMappingHandlerMapping:543 - Mapped "{[/filter/sharerule/update]}" onto public io.github.tesla.ops.common.CommonResponse io.github.tesla.ops.filter.controller.ShareRuleController.update(io.github.tesla.ops.filter.vo.FilterRuleVo)
2018-05-17 10:01:35,239 [main] INFO  o.s.w.s.m.m.a.RequestMappingHandlerMapping:543 - Mapped "{[/filter/sharerule/list],methods=[GET]}" onto public io.github.tesla.ops.system.domain.PageDO<io.github.tesla.ops.filter.vo.FilterRuleVo> io.github.tesla.ops.filter.controller.ShareRuleController.list(java.util.Map<java.lang.String, java.lang.Object>)
2018-05-17 10:01:35,239 [main] INFO  o.s.w.s.m.m.a.RequestMappingHandlerMapping:543 - Mapped "{[/filter/sharerule/save],methods=[POST]}" onto public io.github.tesla.ops.common.CommonResponse io.github.tesla.ops.filter.controller.ShareRuleController.save(io.github.tesla.ops.filter.vo.FilterRuleVo)
2018-05-17 10:01:35,240 [main] INFO  o.s.w.s.m.m.a.RequestMappingHandlerMapping:543 - Mapped "{[/filter/sharerule],methods=[GET]}" onto public java.lang.String io.github.tesla.ops.filter.controller.ShareRuleController.rule()
2018-05-17 10:01:35,240 [main] INFO  o.s.w.s.m.m.a.RequestMappingHandlerMapping:543 - Mapped "{[/filter/sharerule/edit/{id}],methods=[GET]}" onto public java.lang.String io.github.tesla.ops.filter.controller.ShareRuleController.edit(java.lang.Long,org.springframework.ui.Model)
2018-05-17 10:01:35,248 [main] INFO  o.s.w.s.m.m.a.RequestMappingHandlerMapping:543 - Mapped "{[/sys/dept/add/{pId}],methods=[GET]}" onto java.lang.String io.github.tesla.ops.system.controller.DeptController.add(java.lang.Long,org.springframework.ui.Model)
2018-05-17 10:01:35,249 [main] INFO  o.s.w.s.m.m.a.RequestMappingHandlerMapping:543 - Mapped "{[/sys/dept/remove],methods=[POST]}" onto public io.github.tesla.ops.common.CommonResponse io.github.tesla.ops.system.controller.DeptController.remove(java.lang.Long)
2018-05-17 10:01:35,249 [main] INFO  o.s.w.s.m.m.a.RequestMappingHandlerMapping:543 - Mapped "{[/sys/dept/batchRemove],methods=[POST]}" onto public io.github.tesla.ops.common.CommonResponse io.github.tesla.ops.system.controller.DeptController.remove(java.lang.Long[])
2018-05-17 10:01:35,250 [main] INFO  o.s.w.s.m.m.a.RequestMappingHandlerMapping:543 - Mapped "{[/sys/dept/update]}" onto public io.github.tesla.ops.common.CommonResponse io.github.tesla.ops.system.controller.DeptController.update(io.github.tesla.ops.system.domain.DeptDO)
2018-05-17 10:01:35,251 [main] INFO  o.s.w.s.m.m.a.RequestMappingHandlerMapping:543 - Mapped "{[/sys/dept/list],methods=[GET]}" onto public java.util.List<io.github.tesla.ops.system.domain.DeptDO> io.github.tesla.ops.system.controller.DeptController.list()
2018-05-17 10:01:35,251 [main] INFO  o.s.w.s.m.m.a.RequestMappingHandlerMapping:543 - Mapped "{[/sys/dept/save],methods=[POST]}" onto public io.github.tesla.ops.common.CommonResponse io.github.tesla.ops.system.controller.DeptController.save(io.github.tesla.ops.system.domain.DeptDO)
2018-05-17 10:01:35,252 [main] INFO  o.s.w.s.m.m.a.RequestMappingHandlerMapping:543 - Mapped "{[/sys/dept/tree],methods=[GET]}" onto public io.github.tesla.ops.system.domain.Tree<io.github.tesla.ops.system.domain.DeptDO> io.github.tesla.ops.system.controller.DeptController.tree()
2018-05-17 10:01:35,253 [main] INFO  o.s.w.s.m.m.a.RequestMappingHandlerMapping:543 - Mapped "{[/sys/dept],methods=[GET]}" onto java.lang.String io.github.tesla.ops.system.controller.DeptController.dept()
2018-05-17 10:01:35,253 [main] INFO  o.s.w.s.m.m.a.RequestMappingHandlerMapping:543 - Mapped "{[/sys/dept/treeView],methods=[GET]}" onto java.lang.String io.github.tesla.ops.system.controller.DeptController.treeView()
2018-05-17 10:01:35,254 [main] INFO  o.s.w.s.m.m.a.RequestMappingHandlerMapping:543 - Mapped "{[/sys/dept/edit/{deptId}],methods=[GET]}" onto java.lang.String io.github.tesla.ops.system.controller.DeptController.edit(java.lang.Long,org.springframework.ui.Model)
2018-05-17 10:01:35,256 [main] INFO  o.s.w.s.m.m.a.RequestMappingHandlerMapping:543 - Mapped "{[/sys/log/run],methods=[GET]}" onto java.lang.String io.github.tesla.ops.system.controller.LogController.run()
2018-05-17 10:01:35,256 [main] INFO  o.s.w.s.m.m.a.RequestMappingHandlerMapping:543 - Mapped "{[/sys/log/remove],methods=[POST]}" onto io.github.tesla.ops.common.CommonResponse io.github.tesla.ops.system.controller.LogController.remove(java.lang.Long)
2018-05-17 10:01:35,256 [main] INFO  o.s.w.s.m.m.a.RequestMappingHandlerMapping:543 - Mapped "{[/sys/log],methods=[GET]}" onto java.lang.String io.github.tesla.ops.system.controller.LogController.log()
2018-05-17 10:01:35,257 [main] INFO  o.s.w.s.m.m.a.RequestMappingHandlerMapping:543 - Mapped "{[/sys/log/list],methods=[GET]}" onto io.github.tesla.ops.system.domain.PageDO<io.github.tesla.ops.system.domain.LogDO> io.github.tesla.ops.system.controller.LogController.list(java.util.Map<java.lang.String, java.lang.Object>)
2018-05-17 10:01:35,257 [main] INFO  o.s.w.s.m.m.a.RequestMappingHandlerMapping:543 - Mapped "{[/sys/log/batchRemove],methods=[POST]}" onto io.github.tesla.ops.common.CommonResponse io.github.tesla.ops.system.controller.LogController.batchRemove(java.lang.Long[])
2018-05-17 10:01:35,259 [main] INFO  o.s.w.s.m.m.a.RequestMappingHandlerMapping:543 - Mapped "{[/index],methods=[GET]}" onto java.lang.String io.github.tesla.ops.system.controller.LoginController.index(org.springframework.ui.Model)
2018-05-17 10:01:35,259 [main] INFO  o.s.w.s.m.m.a.RequestMappingHandlerMapping:543 - Mapped "{[/main],methods=[GET]}" onto java.lang.String io.github.tesla.ops.system.controller.LoginController.main()
2018-05-17 10:01:35,260 [main] INFO  o.s.w.s.m.m.a.RequestMappingHandlerMapping:543 - Mapped "{[/ || ],methods=[GET]}" onto java.lang.String io.github.tesla.ops.system.controller.LoginController.welcome(org.springframework.ui.Model)
2018-05-17 10:01:35,261 [main] INFO  o.s.w.s.m.m.a.RequestMappingHandlerMapping:543 - Mapped "{[/login],methods=[GET]}" onto java.lang.String io.github.tesla.ops.system.controller.LoginController.login()
2018-05-17 10:01:35,262 [main] INFO  o.s.w.s.m.m.a.RequestMappingHandlerMapping:543 - Mapped "{[/login],methods=[POST]}" onto io.github.tesla.ops.common.CommonResponse io.github.tesla.ops.system.controller.LoginController.ajaxLogin(java.lang.String,java.lang.String)
2018-05-17 10:01:35,262 [main] INFO  o.s.w.s.m.m.a.RequestMappingHandlerMapping:543 - Mapped "{[/logout],methods=[GET]}" onto java.lang.String io.github.tesla.ops.system.controller.LoginController.logout()
2018-05-17 10:01:35,263 [main] INFO  o.s.w.s.m.m.a.RequestMappingHandlerMapping:543 - Mapped "{[/403],methods=[GET]}" onto java.lang.String io.github.tesla.ops.system.controller.LoginController.error403()
2018-05-17 10:01:35,266 [main] INFO  o.s.w.s.m.m.a.RequestMappingHandlerMapping:543 - Mapped "{[/sys/menu/add/{pId}],methods=[GET]}" onto java.lang.String io.github.tesla.ops.system.controller.MenuController.add(org.springframework.ui.Model,java.lang.Long)
2018-05-17 10:01:35,266 [main] INFO  o.s.w.s.m.m.a.RequestMappingHandlerMapping:543 - Mapped "{[/sys/menu/remove],methods=[POST]}" onto io.github.tesla.ops.common.CommonResponse io.github.tesla.ops.system.controller.MenuController.remove(java.lang.Long)
2018-05-17 10:01:35,267 [main] INFO  o.s.w.s.m.m.a.RequestMappingHandlerMapping:543 - Mapped "{[/sys/menu/update],methods=[POST]}" onto io.github.tesla.ops.common.CommonResponse io.github.tesla.ops.system.controller.MenuController.update(io.github.tesla.ops.system.domain.MenuDO)
2018-05-17 10:01:35,267 [main] INFO  o.s.w.s.m.m.a.RequestMappingHandlerMapping:543 - Mapped "{[/sys/menu/list]}" onto java.util.List<io.github.tesla.ops.system.domain.MenuDO> io.github.tesla.ops.system.controller.MenuController.list()
2018-05-17 10:01:35,268 [main] INFO  o.s.w.s.m.m.a.RequestMappingHandlerMapping:543 - Mapped "{[/sys/menu/save],methods=[POST]}" onto io.github.tesla.ops.common.CommonResponse io.github.tesla.ops.system.controller.MenuController.save(io.github.tesla.ops.system.domain.MenuDO)
2018-05-17 10:01:35,268 [main] INFO  o.s.w.s.m.m.a.RequestMappingHandlerMapping:543 - Mapped "{[/sys/menu/tree/{roleId}],methods=[GET]}" onto io.github.tesla.ops.system.domain.Tree<io.github.tesla.ops.system.domain.MenuDO> io.github.tesla.ops.system.controller.MenuController.tree(java.lang.Long)
2018-05-17 10:01:35,270 [main] INFO  o.s.w.s.m.m.a.RequestMappingHandlerMapping:543 - Mapped "{[/sys/menu/tree],methods=[GET]}" onto io.github.tesla.ops.system.domain.Tree<io.github.tesla.ops.system.domain.MenuDO> io.github.tesla.ops.system.controller.MenuController.tree()
2018-05-17 10:01:35,270 [main] INFO  o.s.w.s.m.m.a.RequestMappingHandlerMapping:543 - Mapped "{[/sys/menu],methods=[GET]}" onto java.lang.String io.github.tesla.ops.system.controller.MenuController.menu(org.springframework.ui.Model)
2018-05-17 10:01:35,271 [main] INFO  o.s.w.s.m.m.a.RequestMappingHandlerMapping:543 - Mapped "{[/sys/menu/edit/{id}],methods=[GET]}" onto java.lang.String io.github.tesla.ops.system.controller.MenuController.edit(org.springframework.ui.Model,java.lang.Long)
2018-05-17 10:01:35,273 [main] INFO  o.s.w.s.m.m.a.RequestMappingHandlerMapping:543 - Mapped "{[/sys/oauth2/add],methods=[GET]}" onto java.lang.String io.github.tesla.ops.system.controller.Oauth2Controller.add()
2018-05-17 10:01:35,274 [main] INFO  o.s.w.s.m.m.a.RequestMappingHandlerMapping:543 - Mapped "{[/sys/oauth2/update],methods=[POST]}" onto io.github.tesla.ops.common.CommonResponse io.github.tesla.ops.system.controller.Oauth2Controller.update(io.github.tesla.authz.domain.ClientDetails)
2018-05-17 10:01:35,274 [main] INFO  o.s.w.s.m.m.a.RequestMappingHandlerMapping:543 - Mapped "{[/sys/oauth2/save],methods=[POST]}" onto io.github.tesla.ops.common.CommonResponse io.github.tesla.ops.system.controller.Oauth2Controller.save(io.github.tesla.authz.domain.ClientDetails)
2018-05-17 10:01:35,274 [main] INFO  o.s.w.s.m.m.a.RequestMappingHandlerMapping:543 - Mapped "{[/sys/oauth2/remove],methods=[POST]}" onto io.github.tesla.ops.common.CommonResponse io.github.tesla.ops.system.controller.Oauth2Controller.save(java.lang.String)
2018-05-17 10:01:35,275 [main] INFO  o.s.w.s.m.m.a.RequestMappingHandlerMapping:543 - Mapped "{[/sys/oauth2/batchRemove],methods=[POST]}" onto io.github.tesla.ops.common.CommonResponse io.github.tesla.ops.system.controller.Oauth2Controller.batchRemove(java.lang.String[])
2018-05-17 10:01:35,275 [main] INFO  o.s.w.s.m.m.a.RequestMappingHandlerMapping:543 - Mapped "{[/sys/oauth2/token],methods=[GET]}" onto java.lang.String io.github.tesla.ops.system.controller.Oauth2Controller.token()
2018-05-17 10:01:35,275 [main] INFO  o.s.w.s.m.m.a.RequestMappingHandlerMapping:543 - Mapped "{[/sys/oauth2/client],methods=[GET]}" onto java.lang.String io.github.tesla.ops.system.controller.Oauth2Controller.client()
2018-05-17 10:01:35,275 [main] INFO  o.s.w.s.m.m.a.RequestMappingHandlerMapping:543 - Mapped "{[/sys/oauth2/listClient],methods=[GET]}" onto io.github.tesla.ops.system.domain.PageDO<io.github.tesla.authz.domain.ClientDetails> io.github.tesla.ops.system.controller.Oauth2Controller.listClients(java.util.Map<java.lang.String, java.lang.Object>)
2018-05-17 10:01:35,276 [main] INFO  o.s.w.s.m.m.a.RequestMappingHandlerMapping:543 - Mapped "{[/sys/oauth2/listToken],methods=[GET]}" onto io.github.tesla.ops.system.domain.PageDO<io.github.tesla.authz.domain.AccessToken> io.github.tesla.ops.system.controller.Oauth2Controller.listTokens(java.util.Map<java.lang.String, java.lang.Object>)
2018-05-17 10:01:35,277 [main] INFO  o.s.w.s.m.m.a.RequestMappingHandlerMapping:543 - Mapped "{[/sys/oauth2/batchRevoke],methods=[POST]}" onto io.github.tesla.ops.common.CommonResponse io.github.tesla.ops.system.controller.Oauth2Controller.bachRevoke(java.lang.String[])
2018-05-17 10:01:35,278 [main] INFO  o.s.w.s.m.m.a.RequestMappingHandlerMapping:543 - Mapped "{[/sys/oauth2/edit/{id}],methods=[GET]}" onto java.lang.String io.github.tesla.ops.system.controller.Oauth2Controller.edit(java.lang.String,org.springframework.ui.Model)
2018-05-17 10:01:35,281 [main] INFO  o.s.w.s.m.m.a.RequestMappingHandlerMapping:543 - Mapped "{[/sys/role/add],methods=[GET]}" onto java.lang.String io.github.tesla.ops.system.controller.RoleController.add()
2018-05-17 10:01:35,282 [main] INFO  o.s.w.s.m.m.a.RequestMappingHandlerMapping:543 - Mapped "{[/sys/role/update],methods=[POST]}" onto io.github.tesla.ops.common.CommonResponse io.github.tesla.ops.system.controller.RoleController.update(io.github.tesla.ops.system.domain.RoleDO)
2018-05-17 10:01:35,282 [main] INFO  o.s.w.s.m.m.a.RequestMappingHandlerMapping:543 - Mapped "{[/sys/role/list],methods=[GET]}" onto java.util.List<io.github.tesla.ops.system.domain.RoleDO> io.github.tesla.ops.system.controller.RoleController.list()
2018-05-17 10:01:35,283 [main] INFO  o.s.w.s.m.m.a.RequestMappingHandlerMapping:543 - Mapped "{[/sys/role/remove],methods=[POST]}" onto io.github.tesla.ops.common.CommonResponse io.github.tesla.ops.system.controller.RoleController.save(java.lang.Long)
2018-05-17 10:01:35,284 [main] INFO  o.s.w.s.m.m.a.RequestMappingHandlerMapping:543 - Mapped "{[/sys/role/save],methods=[POST]}" onto io.github.tesla.ops.common.CommonResponse io.github.tesla.ops.system.controller.RoleController.save(io.github.tesla.ops.system.domain.RoleDO)
2018-05-17 10:01:35,284 [main] INFO  o.s.w.s.m.m.a.RequestMappingHandlerMapping:543 - Mapped "{[/sys/role/batchRemove],methods=[POST]}" onto io.github.tesla.ops.common.CommonResponse io.github.tesla.ops.system.controller.RoleController.batchRemove(java.lang.Long[])
2018-05-17 10:01:35,284 [main] INFO  o.s.w.s.m.m.a.RequestMappingHandlerMapping:543 - Mapped "{[/sys/role],methods=[GET]}" onto java.lang.String io.github.tesla.ops.system.controller.RoleController.role()
2018-05-17 10:01:35,285 [main] INFO  o.s.w.s.m.m.a.RequestMappingHandlerMapping:543 - Mapped "{[/sys/role/edit/{id}],methods=[GET]}" onto java.lang.String io.github.tesla.ops.system.controller.RoleController.edit(java.lang.Long,org.springframework.ui.Model)
2018-05-17 10:01:35,288 [main] INFO  o.s.w.s.m.m.a.RequestMappingHandlerMapping:543 - Mapped "{[/sys/online/list]}" onto public java.util.List<io.github.tesla.authz.domain.UserOnline> io.github.tesla.ops.system.controller.SessionController.list()
2018-05-17 10:01:35,288 [main] INFO  o.s.w.s.m.m.a.RequestMappingHandlerMapping:543 - Mapped "{[/sys/online],methods=[GET]}" onto public java.lang.String io.github.tesla.ops.system.controller.SessionController.online()
2018-05-17 10:01:35,288 [main] INFO  o.s.w.s.m.m.a.RequestMappingHandlerMapping:543 - Mapped "{[/sys/online/sessionList]}" onto public java.util.Collection<org.apache.shiro.session.Session> io.github.tesla.ops.system.controller.SessionController.sessionList()
2018-05-17 10:01:35,290 [main] INFO  o.s.w.s.m.m.a.RequestMappingHandlerMapping:543 - Mapped "{[/sys/online/forceLogout/{sessionId}]}" onto public io.github.tesla.ops.common.CommonResponse io.github.tesla.ops.system.controller.SessionController.forceLogout(java.lang.String,org.springframework.web.servlet.mvc.support.RedirectAttributes)
2018-05-17 10:01:35,298 [main] INFO  o.s.w.s.m.m.a.RequestMappingHandlerMapping:543 - Mapped "{[/sys/user/exit],methods=[POST]}" onto boolean io.github.tesla.ops.system.controller.UserController.exit(java.util.Map<java.lang.String, java.lang.Object>)
2018-05-17 10:01:35,298 [main] INFO  o.s.w.s.m.m.a.RequestMappingHandlerMapping:543 - Mapped "{[/sys/user/add],methods=[GET]}" onto java.lang.String io.github.tesla.ops.system.controller.UserController.add(org.springframework.ui.Model)
2018-05-17 10:01:35,299 [main] INFO  o.s.w.s.m.m.a.RequestMappingHandlerMapping:543 - Mapped "{[/sys/user/remove],methods=[POST]}" onto io.github.tesla.ops.common.CommonResponse io.github.tesla.ops.system.controller.UserController.remove(java.lang.Long)
2018-05-17 10:01:35,299 [main] INFO  o.s.w.s.m.m.a.RequestMappingHandlerMapping:543 - Mapped "{[/sys/user/update],methods=[POST]}" onto io.github.tesla.ops.common.CommonResponse io.github.tesla.ops.system.controller.UserController.update(io.github.tesla.ops.system.domain.UserDO)
2018-05-17 10:01:35,300 [main] INFO  o.s.w.s.m.m.a.RequestMappingHandlerMapping:543 - Mapped "{[/sys/user/list],methods=[GET]}" onto io.github.tesla.ops.common.Pageable io.github.tesla.ops.system.controller.UserController.list(java.util.Map<java.lang.String, java.lang.Object>)
2018-05-17 10:01:35,300 [main] INFO  o.s.w.s.m.m.a.RequestMappingHandlerMapping:543 - Mapped "{[/sys/user/save],methods=[POST]}" onto io.github.tesla.ops.common.CommonResponse io.github.tesla.ops.system.controller.UserController.save(io.github.tesla.ops.system.domain.UserDO)
2018-05-17 10:01:35,300 [main] INFO  o.s.w.s.m.m.a.RequestMappingHandlerMapping:543 - Mapped "{[/sys/user/batchRemove],methods=[POST]}" onto io.github.tesla.ops.common.CommonResponse io.github.tesla.ops.system.controller.UserController.batchRemove(java.lang.Long[])
2018-05-17 10:01:35,301 [main] INFO  o.s.w.s.m.m.a.RequestMappingHandlerMapping:543 - Mapped "{[/sys/user/tree],methods=[GET]}" onto public io.github.tesla.ops.system.domain.Tree<io.github.tesla.ops.system.domain.DeptDO> io.github.tesla.ops.system.controller.UserController.tree()
2018-05-17 10:01:35,301 [main] INFO  o.s.w.s.m.m.a.RequestMappingHandlerMapping:543 - Mapped "{[/sys/user/treeView],methods=[GET]}" onto java.lang.String io.github.tesla.ops.system.controller.UserController.treeView()
2018-05-17 10:01:35,301 [main] INFO  o.s.w.s.m.m.a.RequestMappingHandlerMapping:543 - Mapped "{[/sys/user],methods=[GET]}" onto java.lang.String io.github.tesla.ops.system.controller.UserController.user(org.springframework.ui.Model)
2018-05-17 10:01:35,302 [main] INFO  o.s.w.s.m.m.a.RequestMappingHandlerMapping:543 - Mapped "{[/sys/user/resetPwd/{id}],methods=[GET]}" onto java.lang.String io.github.tesla.ops.system.controller.UserController.resetPwd(java.lang.Long,org.springframework.ui.Model)
2018-05-17 10:01:35,302 [main] INFO  o.s.w.s.m.m.a.RequestMappingHandlerMapping:543 - Mapped "{[/sys/user/resetPwd],methods=[POST]}" onto io.github.tesla.ops.common.CommonResponse io.github.tesla.ops.system.controller.UserController.resetPwd(io.github.tesla.ops.system.domain.UserDO)
2018-05-17 10:01:35,303 [main] INFO  o.s.w.s.m.m.a.RequestMappingHandlerMapping:543 - Mapped "{[/sys/user/personal],methods=[GET]}" onto java.lang.String io.github.tesla.ops.system.controller.UserController.personal(org.springframework.ui.Model)
2018-05-17 10:01:35,303 [main] INFO  o.s.w.s.m.m.a.RequestMappingHandlerMapping:543 - Mapped "{[/sys/user/edit/{id}],methods=[GET]}" onto java.lang.String io.github.tesla.ops.system.controller.UserController.edit(org.springframework.ui.Model,java.lang.Long)
2018-05-17 10:01:35,304 [main] INFO  o.s.w.s.m.m.a.RequestMappingHandlerMapping:543 - Mapped "{[/oauth/authorize]}" onto public void io.github.tesla.authz.controller.OauthAuthorizeController.authorize(javax.servlet.http.HttpServletRequest,javax.servlet.http.HttpServletResponse) throws org.apache.oltu.oauth2.common.exception.OAuthSystemException,javax.servlet.ServletException,java.io.IOException
2018-05-17 10:01:35,304 [main] INFO  o.s.w.s.m.m.a.RequestMappingHandlerMapping:543 - Mapped "{[/oauth/oauth_login],methods=[POST || GET]}" onto java.lang.String io.github.tesla.authz.controller.OauthDispatcherController.defaultRedirect()
2018-05-17 10:01:35,304 [main] INFO  o.s.w.s.m.m.a.RequestMappingHandlerMapping:543 - Mapped "{[/oauth/default_redirect_url],methods=[POST || GET]}" onto java.lang.String io.github.tesla.authz.controller.OauthDispatcherController.oauthLogin()
2018-05-17 10:01:35,305 [main] INFO  o.s.w.s.m.m.a.RequestMappingHandlerMapping:543 - Mapped "{[/oauth/oauth_approval],methods=[POST || GET]}" onto java.lang.String io.github.tesla.authz.controller.OauthDispatcherController.approval()
2018-05-17 10:01:35,305 [main] INFO  o.s.w.s.m.m.a.RequestMappingHandlerMapping:543 - Mapped "{[/oauth/token]}" onto public void io.github.tesla.authz.controller.OauthTokenController.authorize(javax.servlet.http.HttpServletRequest,javax.servlet.http.HttpServletResponse) throws org.apache.oltu.oauth2.common.exception.OAuthSystemException
2018-05-17 10:01:35,620 [main] INFO  o.s.web.servlet.handler.SimpleUrlHandlerMapping:362 - Mapped URL path [/webjars/**] onto handler of type [class org.springframework.web.servlet.resource.ResourceHttpRequestHandler]
2018-05-17 10:01:35,620 [main] INFO  o.s.web.servlet.handler.SimpleUrlHandlerMapping:362 - Mapped URL path [/**] onto handler of type [class org.springframework.web.servlet.resource.ResourceHttpRequestHandler]
2018-05-17 10:01:35,739 [main] INFO  o.s.w.s.m.m.a.ExceptionHandlerExceptionResolver:273 - Detected @ExceptionHandler methods in teslaExceptionHandler
2018-05-17 10:01:35,908 [main] INFO  o.s.web.servlet.handler.SimpleUrlHandlerMapping:362 - Mapped URL path [/**/favicon.ico] onto handler of type [class org.springframework.web.servlet.resource.ResourceHttpRequestHandler]
2018-05-17 10:01:36,699 [main] INFO  org.flywaydb.core.internal.util.VersionPrinter:44 - Flyway Community Edition 5.0.7 by Boxfuse
2018-05-17 10:01:36,715 [main] INFO  o.flywaydb.core.internal.database.DatabaseFactory:44 - Database: jdbc:mysql://127.0.0.1:3306/gateway (MySQL 5.6)
2018-05-17 10:01:36,925 [main] INFO  org.flywaydb.core.internal.command.DbValidate:44 - Successfully validated 1 migration (execution time 00:00.019s)
2018-05-17 10:01:36,973 [main] INFO  o.f.c.i.schemahistory.JdbcTableSchemaHistory:44 - Creating Schema History table: `gateway`.`flyway_schema_history`
2018-05-17 10:01:37,050 [main] INFO  org.flywaydb.core.internal.command.DbMigrate:44 - Current version of schema `gateway`: << Empty Schema >>
2018-05-17 10:01:37,108 [main] INFO  org.flywaydb.core.internal.command.DbMigrate:44 - Migrating schema `gateway` to version 1 - init
2018-05-17 10:01:37,130 [main] WARN  o.f.core.internal.database.ExecutableSqlScript:48 - DB: Unknown table 'gateway.sys_dept' (SQL State: 42S02 - Error Code: 1051)
2018-05-17 10:01:37,155 [main] WARN  o.f.core.internal.database.ExecutableSqlScript:48 - DB: Unknown table 'gateway.sys_log' (SQL State: 42S02 - Error Code: 1051)
2018-05-17 10:01:37,182 [main] WARN  o.f.core.internal.database.ExecutableSqlScript:48 - DB: Unknown table 'gateway.sys_menu' (SQL State: 42S02 - Error Code: 1051)
2018-05-17 10:01:37,297 [main] WARN  o.f.core.internal.database.ExecutableSqlScript:48 - DB: Unknown table 'gateway.sys_role' (SQL State: 42S02 - Error Code: 1051)
2018-05-17 10:01:37,316 [main] WARN  o.f.core.internal.database.ExecutableSqlScript:48 - DB: Unknown table 'gateway.sys_role_menu' (SQL State: 42S02 - Error Code: 1051)
2018-05-17 10:01:37,467 [main] WARN  o.f.core.internal.database.ExecutableSqlScript:48 - DB: Unknown table 'gateway.sys_user' (SQL State: 42S02 - Error Code: 1051)
2018-05-17 10:01:37,487 [main] WARN  o.f.core.internal.database.ExecutableSqlScript:48 - DB: Unknown table 'gateway.sys_user_role' (SQL State: 42S02 - Error Code: 1051)
2018-05-17 10:01:37,501 [main] WARN  o.f.core.internal.database.ExecutableSqlScript:48 - DB: Unknown table 'gateway.oauth_access_token' (SQL State: 42S02 - Error Code: 1051)
2018-05-17 10:01:37,517 [main] WARN  o.f.core.internal.database.ExecutableSqlScript:48 - DB: Unknown table 'gateway.oauth_client_details' (SQL State: 42S02 - Error Code: 1051)
2018-05-17 10:01:37,534 [main] WARN  o.f.core.internal.database.ExecutableSqlScript:48 - DB: Unknown table 'gateway.oauth_code' (SQL State: 42S02 - Error Code: 1051)
2018-05-17 10:01:37,548 [main] WARN  o.f.core.internal.database.ExecutableSqlScript:48 - DB: Unknown table 'gateway.gateway_api_group' (SQL State: 42S02 - Error Code: 1051)
2018-05-17 10:01:37,562 [main] WARN  o.f.core.internal.database.ExecutableSqlScript:48 - DB: Unknown table 'gateway.gateway_api' (SQL State: 42S02 - Error Code: 1051)
2018-05-17 10:01:37,591 [main] WARN  o.f.core.internal.database.ExecutableSqlScript:48 - DB: Unknown table 'gateway.gateway_api_rpc' (SQL State: 42S02 - Error Code: 1051)
2018-05-17 10:01:37,613 [main] WARN  o.f.core.internal.database.ExecutableSqlScript:48 - DB: Unknown table 'gateway.gateway_api_springcloud' (SQL State: 42S02 - Error Code: 1051)
2018-05-17 10:01:37,635 [main] WARN  o.f.core.internal.database.ExecutableSqlScript:48 - DB: Unknown table 'gateway.gateway_filter' (SQL State: 42S02 - Error Code: 1051)
2018-05-17 10:01:37,654 [main] WARN  o.f.core.internal.database.ExecutableSqlScript:48 - DB: Unknown table 'gateway.logging_event_property' (SQL State: 42S02 - Error Code: 1051)
2018-05-17 10:01:37,657 [main] WARN  o.f.core.internal.database.ExecutableSqlScript:48 - DB: Unknown table 'gateway.logging_event_exception' (SQL State: 42S02 - Error Code: 1051)
2018-05-17 10:01:37,659 [main] WARN  o.f.core.internal.database.ExecutableSqlScript:48 - DB: Unknown table 'gateway.logging_event' (SQL State: 42S02 - Error Code: 1051)
2018-05-17 10:01:37,716 [main] INFO  org.flywaydb.core.internal.command.DbMigrate:44 - Successfully applied 1 migration to schema `gateway` (execution time 00:00.744s)
2018-05-17 10:01:37,829 [main] INFO  o.s.w.servlet.view.freemarker.FreeMarkerConfigurer:127 - ClassTemplateLoader for Spring macros added to FreeMarker configuration
2018-05-17 10:01:38,981 [main] INFO  o.s.jmx.export.annotation.AnnotationMBeanExporter:431 - Registering beans for JMX exposure on startup
2018-05-17 10:01:38,983 [main] INFO  o.s.jmx.export.annotation.AnnotationMBeanExporter:916 - Bean with name 'dataSource' has been autodetected for JMX exposure
2018-05-17 10:01:38,989 [main] INFO  o.s.jmx.export.annotation.AnnotationMBeanExporter:671 - Located MBean 'dataSource': registering with JMX server as MBean [com.alibaba.druid.pool:name=dataSource,type=DruidDataSource]
2018-05-17 10:01:39,010 [main] INFO  org.apache.coyote.http11.Http11NioProtocol:179 - Initializing ProtocolHandler ["http-nio-8080"]
2018-05-17 10:01:39,025 [main] INFO  org.apache.coyote.http11.Http11NioProtocol:179 - Starting ProtocolHandler ["http-nio-8080"]
2018-05-17 10:01:39,046 [main] INFO  org.apache.tomcat.util.net.NioSelectorPool:179 - Using a shared selector for servlet write/read
2018-05-17 10:01:39,084 [main] INFO  o.s.b.c.e.tomcat.TomcatEmbeddedServletContainer:201 - Tomcat started on port(s): 8080 (http)
2018-05-17 10:01:39,091 [main] INFO  io.github.tesla.ops.TeslaOpsApplication:57 - Started TeslaOpsApplication in 13.464 seconds (JVM running for 13.923)
2018-05-17 14:49:29,443 [main] INFO  io.github.tesla.ops.TeslaOpsApplication:48 - Starting TeslaOpsApplication on liu-shiming-MacBook-Pro.local with PID 1383 (/Users/liushiming/project/java/tesla/tesla-ops/target/classes started by liushiming in /Users/liushiming/project/java/tesla/tesla-ops)
2018-05-17 14:49:29,449 [main] INFO  io.github.tesla.ops.TeslaOpsApplication:597 - The following profiles are active: dev
2018-05-17 14:49:29,928 [main] INFO  o.s.b.c.e.AnnotationConfigEmbeddedWebApplicationContext:583 - Refreshing org.springframework.boot.context.embedded.AnnotationConfigEmbeddedWebApplicationContext@47f9738: startup date [Thu May 17 14:49:29 CST 2018]; root of context hierarchy
2018-05-17 14:49:29,943 [background-preinit] INFO  org.hibernate.validator.internal.util.Version:30 - HV000001: Hibernate Validator 5.3.5.Final
2018-05-17 14:49:48,424 [main] INFO  io.github.tesla.ops.TeslaOpsApplication:48 - Starting TeslaOpsApplication on liu-shiming-MacBook-Pro.local with PID 1385 (/Users/liushiming/project/java/tesla/tesla-ops/target/classes started by liushiming in /Users/liushiming/project/java/tesla/tesla-ops)
2018-05-17 14:49:48,433 [main] INFO  io.github.tesla.ops.TeslaOpsApplication:597 - The following profiles are active: dev
2018-05-17 14:49:48,755 [background-preinit] INFO  org.hibernate.validator.internal.util.Version:30 - HV000001: Hibernate Validator 5.3.5.Final
2018-05-17 14:49:49,029 [main] INFO  o.s.b.c.e.AnnotationConfigEmbeddedWebApplicationContext:583 - Refreshing org.springframework.boot.context.embedded.AnnotationConfigEmbeddedWebApplicationContext@3300f4fd: startup date [Thu May 17 14:49:49 CST 2018]; root of context hierarchy
2018-05-17 14:49:50,314 [main] INFO  o.s.c.s.PostProcessorRegistrationDelegate$BeanPostProcessorChecker:325 - Bean 'authzConfig' of type [io.github.tesla.authz.AuthzConfig$$EnhancerBySpringCGLIB$$d0391a78] is not eligible for getting processed by all BeanPostProcessors (for example: not eligible for auto-proxying)
2018-05-17 14:49:50,402 [main] INFO  o.s.c.s.PostProcessorRegistrationDelegate$BeanPostProcessorChecker:325 - Bean 'teslaConfiguration' of type [io.github.tesla.ops.config.TeslaConfiguration$$EnhancerBySpringCGLIB$$1eff470f] is not eligible for getting processed by all BeanPostProcessors (for example: not eligible for auto-proxying)
2018-05-17 14:49:50,409 [main] INFO  o.s.c.s.PostProcessorRegistrationDelegate$BeanPostProcessorChecker:325 - Bean 'io.github.tesla.ops.config.TeslaConfiguration$EhCacheConfigure' of type [io.github.tesla.ops.config.TeslaConfiguration$EhCacheConfigure$$EnhancerBySpringCGLIB$$630bc70] is not eligible for getting processed by all BeanPostProcessors (for example: not eligible for auto-proxying)
2018-05-17 14:49:50,420 [main] INFO  o.s.cache.ehcache.EhCacheManagerFactoryBean:130 - Initializing EhCache CacheManager
2018-05-17 14:49:50,556 [main] INFO  o.s.c.s.PostProcessorRegistrationDelegate$BeanPostProcessorChecker:325 - Bean 'ehCacheManagerFactoryBean' of type [org.springframework.cache.ehcache.EhCacheManagerFactoryBean] is not eligible for getting processed by all BeanPostProcessors (for example: not eligible for auto-proxying)
2018-05-17 14:49:50,582 [main] INFO  o.s.c.s.PostProcessorRegistrationDelegate$BeanPostProcessorChecker:325 - Bean 'ehCacheCacheManager' of type [org.springframework.cache.ehcache.EhCacheCacheManager] is not eligible for getting processed by all BeanPostProcessors (for example: not eligible for auto-proxying)
2018-05-17 14:49:50,633 [main] INFO  o.s.c.s.PostProcessorRegistrationDelegate$BeanPostProcessorChecker:325 - Bean 'shiroEhcacheManager' of type [org.apache.shiro.cache.ehcache.EhCacheManager] is not eligible for getting processed by all BeanPostProcessors (for example: not eligible for auto-proxying)
2018-05-17 14:49:50,663 [main] INFO  o.s.c.s.PostProcessorRegistrationDelegate$BeanPostProcessorChecker:325 - Bean 'io.github.tesla.ops.config.TeslaConfiguration$DruidDataSourceConfigure' of type [io.github.tesla.ops.config.TeslaConfiguration$DruidDataSourceConfigure$$EnhancerBySpringCGLIB$$26fbab08] is not eligible for getting processed by all BeanPostProcessors (for example: not eligible for auto-proxying)
